[0mCompiling "resources/public/js/compiled/devcards_spec_demo_devcards.js" from ["src"]...[0m
[32mSuccessfully compiled "resources/public/js/compiled/devcards_spec_demo_devcards.js" in 0.63 seconds.[0m
notifying browser that file changed:  resources/public/js/compiled/devcards_out/goog/deps.js
notifying browser that file changed:  resources/public/js/compiled/devcards_out/cljs_deps.js
notifying browser that file changed:  out/devcards_spec_demo/core.js
[0mCompiling "resources/public/js/compiled/devcards_spec_demo_devcards.js" from ["src"]...[0m
[32mSuccessfully compiled "resources/public/js/compiled/devcards_spec_demo_devcards.js" in 0.386 seconds.[0m
notifying browser that file changed:  out/devcards_spec_demo/core.js
[0mCompiling "resources/public/js/compiled/devcards_spec_demo_devcards.js" from ["src"]...[0m
[32mSuccessfully compiled "resources/public/js/compiled/devcards_spec_demo_devcards.js" in 0.359 seconds.[0m
notifying browser that file changed:  out/devcards_spec_demo/core.js
[0mCompiling "resources/public/js/compiled/devcards_spec_demo_devcards.js" from ["src"]...[0m
[32mSuccessfully compiled "resources/public/js/compiled/devcards_spec_demo_devcards.js" in 0.317 seconds.[0m
notifying browser that file changed:  out/devcards_spec_demo/core.js
[0mCompiling "resources/public/js/compiled/devcards_spec_demo_devcards.js" from ["src"]...[0m
[32mSuccessfully compiled "resources/public/js/compiled/devcards_spec_demo_devcards.js" in 0.282 seconds.[0m
notifying browser that file changed:  out/devcards_spec_demo/core.js
[0mCompiling "resources/public/js/compiled/devcards_spec_demo_devcards.js" from ["src"]...[0m
[32mSuccessfully compiled "resources/public/js/compiled/devcards_spec_demo_devcards.js" in 0.274 seconds.[0m
notifying browser that file changed:  out/devcards_spec_demo/core.js
[0mCompiling "resources/public/js/compiled/devcards_spec_demo_devcards.js" from ["src"]...[0m
[32mSuccessfully compiled "resources/public/js/compiled/devcards_spec_demo_devcards.js" in 0.32 seconds.[0m
notifying browser that file changed:  out/devcards_spec_demo/core.js
[0mCompiling "resources/public/js/compiled/devcards_spec_demo_devcards.js" from ["src"]...[0m
[32mSuccessfully compiled "resources/public/js/compiled/devcards_spec_demo_devcards.js" in 0.272 seconds.[0m
notifying browser that file changed:  out/devcards_spec_demo/core.js
[0mCompiling "resources/public/js/compiled/devcards_spec_demo_devcards.js" from ["src"]...[0m
[31mFailed to compile "resources/public/js/compiled/devcards_spec_demo_devcards.js" in 0.253 seconds.[0m
[36m----  Could not Analyze  src/devcards_spec_demo/core.cljs  ----[0m

  [1mNo such namespace: clojure.test.check.generators, could not locate clojure/test/check/generators.cljs, clojure/test/check/generators.cljc, or Closure namespace "clojure.test.check.generators" [0m

[36m----  Analysis Error : Please see src/devcards_spec_demo/core.cljs  ----[0m
[0mCompiling "resources/public/js/compiled/devcards_spec_demo_devcards.js" from ["src"]...[0m
[32mSuccessfully compiled "resources/public/js/compiled/devcards_spec_demo_devcards.js" in 0.348 seconds.[0m
notifying browser that file changed:  resources/public/js/compiled/devcards_out/goog/deps.js
notifying browser that file changed:  resources/public/js/compiled/devcards_out/cljs_deps.js
notifying browser that file changed:  out/devcards_spec_demo/core.js
[0mCompiling "resources/public/js/compiled/devcards_spec_demo_devcards.js" from ["src"]...[0m
[32mSuccessfully compiled "resources/public/js/compiled/devcards_spec_demo_devcards.js" in 0.431 seconds.[0m
notifying browser that file changed:  out/devcards_spec_demo/core.js
[0mCompiling "resources/public/js/compiled/devcards_spec_demo_devcards.js" from ["src"]...[0m
[36m----  Compiler Warning on   src/devcards_spec_demo/core.cljs   line:22  column:22  ----[0m

  [1mUse of undeclared Var devcards-spec-demo.core/state[0m

  [36m19[0m  [36m(defcard first-card[0m
  [36m20[0m  [36m  (sab/html [:div[0m
  [36m21[0m  [36m             [:h1 "This is your first devcard!"][0m
  [33m22[0m  [1m             (toggle state)]))[0m
  [0m  [0m  [33m                     ^--- Use of undeclared Var devcards-spec-demo.core/state[0m
  [36m23[0m  [36m[0m
  [36m24[0m  [36m(defn main [][0m
  [36m25[0m  [36m  ;; conditionally start the app based on whether the #main-app-area[0m
  [36m26[0m  [36m  ;; node is on the page[0m
  [36m27[0m  [36m  (if-let [node (.getElementById js/document "main-app-area")][0m

[36m----  Compiler Warning : Please see src/devcards_spec_demo/core.cljs  ----[0m
[32mSuccessfully compiled "resources/public/js/compiled/devcards_spec_demo_devcards.js" in 0.412 seconds.[0m
notifying browser that file changed:  out/devcards_spec_demo/core.js
[0mCompiling "resources/public/js/compiled/devcards_spec_demo_devcards.js" from ["src"]...[0m
[32mSuccessfully compiled "resources/public/js/compiled/devcards_spec_demo_devcards.js" in 0.313 seconds.[0m
notifying browser that file changed:  out/devcards_spec_demo/core.js
[0mCompiling "resources/public/js/compiled/devcards_spec_demo_devcards.js" from ["src"]...[0m
[32mSuccessfully compiled "resources/public/js/compiled/devcards_spec_demo_devcards.js" in 0.333 seconds.[0m
notifying browser that file changed:  out/devcards_spec_demo/core.js
[0mCompiling "resources/public/js/compiled/devcards_spec_demo_devcards.js" from ["src"]...[0m
[32mSuccessfully compiled "resources/public/js/compiled/devcards_spec_demo_devcards.js" in 0.367 seconds.[0m
notifying browser that file changed:  out/devcards_spec_demo/core.js
[0mCompiling "resources/public/js/compiled/devcards_spec_demo_devcards.js" from ["src"]...[0m
[32mSuccessfully compiled "resources/public/js/compiled/devcards_spec_demo_devcards.js" in 0.318 seconds.[0m
notifying browser that file changed:  out/devcards_spec_demo/core.js
[0mCompiling "resources/public/js/compiled/devcards_spec_demo_devcards.js" from ["src"]...[0m
[32mSuccessfully compiled "resources/public/js/compiled/devcards_spec_demo_devcards.js" in 0.315 seconds.[0m
notifying browser that file changed:  out/devcards_spec_demo/core.js
[0mCompiling "resources/public/js/compiled/devcards_spec_demo_devcards.js" from ["src"]...[0m
[32mSuccessfully compiled "resources/public/js/compiled/devcards_spec_demo_devcards.js" in 0.356 seconds.[0m
notifying browser that file changed:  out/devcards_spec_demo/core.js
[0mCompiling "resources/public/js/compiled/devcards_spec_demo_devcards.js" from ["src"]...[0m
[31mFailed to compile "resources/public/js/compiled/devcards_spec_demo_devcards.js" in 0.385 seconds.[0m
[36m----  Could not Read  src/devcards_spec_demo/core.cljs   line:25  column:27  ----[0m

  [1mUnmatched delimiter ][0m

  [36m23[0m  [36m  (sab/html [:div[0m
  [36m24[0m  [36m             [:h1 "This is your first devcard!"][0m
  [33m25[0m  [1m             (map toggle ]))[0m
  [0m  [0m  [33m                          ^--- Unmatched delimiter ][0m
  [36m26[0m  [36m[0m
  [36m27[0m  [36m(defn main [][0m
  [36m28[0m  [36m  ;; conditionally start the app based on whether the #main-app-area[0m

[36m----  Reader Error : Please see src/devcards_spec_demo/core.cljs  ----[0m
[0mCompiling "resources/public/js/compiled/devcards_spec_demo_devcards.js" from ["src"]...[0m
[32mSuccessfully compiled "resources/public/js/compiled/devcards_spec_demo_devcards.js" in 0.317 seconds.[0m
notifying browser that file changed:  out/devcards_spec_demo/core.js
[0mCompiling "resources/public/js/compiled/devcards_spec_demo_devcards.js" from ["src"]...[0m
[32mSuccessfully compiled "resources/public/js/compiled/devcards_spec_demo_devcards.js" in 0.336 seconds.[0m
notifying browser that file changed:  out/devcards_spec_demo/core.js
[0mCompiling "resources/public/js/compiled/devcards_spec_demo_devcards.js" from ["src"]...[0m
[32mSuccessfully compiled "resources/public/js/compiled/devcards_spec_demo_devcards.js" in 0.376 seconds.[0m
notifying browser that file changed:  out/devcards_spec_demo/core.js
[0mCompiling "resources/public/js/compiled/devcards_spec_demo_devcards.js" from ["src"]...[0m
[32mSuccessfully compiled "resources/public/js/compiled/devcards_spec_demo_devcards.js" in 0.327 seconds.[0m
notifying browser that file changed:  out/devcards_spec_demo/core.js
[0mCompiling "resources/public/js/compiled/devcards_spec_demo_devcards.js" from ["src"]...[0m
[32mSuccessfully compiled "resources/public/js/compiled/devcards_spec_demo_devcards.js" in 0.338 seconds.[0m
notifying browser that file changed:  out/devcards_spec_demo/core.js
[0mCompiling "resources/public/js/compiled/devcards_spec_demo_devcards.js" from ["src"]...[0m
[32mSuccessfully compiled "resources/public/js/compiled/devcards_spec_demo_devcards.js" in 0.36 seconds.[0m
notifying browser that file changed:  out/devcards_spec_demo/core.js
[0mCompiling "resources/public/js/compiled/devcards_spec_demo_devcards.js" from ["src"]...[0m
[32mSuccessfully compiled "resources/public/js/compiled/devcards_spec_demo_devcards.js" in 0.379 seconds.[0m
notifying browser that file changed:  out/devcards_spec_demo/core.js
[0mCompiling "resources/public/js/compiled/devcards_spec_demo_devcards.js" from ["src"]...[0m
[32mSuccessfully compiled "resources/public/js/compiled/devcards_spec_demo_devcards.js" in 0.362 seconds.[0m
notifying browser that file changed:  resources/public/js/compiled/devcards_out/cljs_deps.js
notifying browser that file changed:  out/devcards_spec_demo/core.js
[0mCompiling "resources/public/js/compiled/devcards_spec_demo_devcards.js" from ["src"]...[0m
[32mSuccessfully compiled "resources/public/js/compiled/devcards_spec_demo_devcards.js" in 0.323 seconds.[0m
notifying browser that file changed:  resources/public/js/compiled/devcards_out/cljs_deps.js
notifying browser that file changed:  out/devcards_spec_demo/core.js
[0mCompiling "resources/public/js/compiled/devcards_spec_demo_devcards.js" from ["src"]...[0m
[32mSuccessfully compiled "resources/public/js/compiled/devcards_spec_demo_devcards.js" in 0.338 seconds.[0m
notifying browser that file changed:  out/devcards_spec_demo/core.js
[0mCompiling "resources/public/js/compiled/devcards_spec_demo_devcards.js" from ["src"]...[0m
[31mFailed to compile "resources/public/js/compiled/devcards_spec_demo_devcards.js" in 0.314 seconds.[0m
[36m----  Could not Read  src/devcards_spec_demo/core.cljs   line:13  column:1  ----[0m

  [1mEOF while reading, starting at line 13 and column 1[0m

  [36m12[0m  [36m(s/def ::checked boolean?)[0m
  [33m13[0m  [1m(s/def ::toggle-state (s/keys :req [::checked])[0m
  [0m  [0m  [33m^--- EOF while reading, starting at line 13 and column 1[0m
  [36m14[0m  [36m[0m
  [36m15[0m  [36m[0m
  [36m16[0m  [36m(defn get-states [spec][0m

[36m----  Reader Error : Please see src/devcards_spec_demo/core.cljs  ----[0m
[0mCompiling "resources/public/js/compiled/devcards_spec_demo_devcards.js" from ["src"]...[0m
[36m----  Compiler Warning on   src/devcards_spec_demo/core.cljs   line:25  column:51  ----[0m

  [1mUse of undeclared Var devcards-spec-demo.core/state[0m

  [36m22[0m  [36m(defn toggle [{:keys [checked]}][0m
  [36m23[0m  [36m  (defcard example[0m
  [36m24[0m  [36m    (sab/html[0m
  [33m25[0m  [1m     [:input {:type :checkbox :checked checked}]) state {:inspect-data true}))[0m
  [0m  [0m  [33m                                                  ^--- Use of undeclared Var devcards-spec-demo.core/state[0m
  [36m26[0m  [36m[0m
  [36m27[0m  [36m(doseq [state (get-states ::toggle-state)][0m
  [36m28[0m  [36m  (toggle state))[0m
  [36m29[0m  [36m[0m
  [36m30[0m  [36m(defn main [][0m

[36m----  Compiler Warning : Please see src/devcards_spec_demo/core.cljs  ----[0m
[32mSuccessfully compiled "resources/public/js/compiled/devcards_spec_demo_devcards.js" in 0.366 seconds.[0m
notifying browser that file changed:  out/devcards_spec_demo/core.js
[0mCompiling "resources/public/js/compiled/devcards_spec_demo_devcards.js" from ["src"]...[0m
[32mSuccessfully compiled "resources/public/js/compiled/devcards_spec_demo_devcards.js" in 0.36 seconds.[0m
notifying browser that file changed:  out/devcards_spec_demo/core.js
[0mCompiling "resources/public/js/compiled/devcards_spec_demo_devcards.js" from ["src"]...[0m
[31mFailed to compile "resources/public/js/compiled/devcards_spec_demo_devcards.js" in 0.29 seconds.[0m
[36m----  Could not Analyze  src/devcards_spec_demo/core.cljs   line:22  column:1  ----[0m

  [1mUnsupported binding key: :as[0m

  [36m20[0m  [36m       distinct))[0m
  [36m21[0m  [36m[0m
  [33m22[0m  [1m(defn toggle [{:keys [checked]} :as state][0m
  [0m  [0m  [33m^--- Unsupported binding key: :as[0m
  [36m23[0m  [36m  (defcard example[0m
  [36m24[0m  [36m    (sab/html[0m
  [36m25[0m  [36m     [:input {:type :checkbox :checked checked}]) state {:inspect-data true}))[0m

[36m----  Analysis Error : Please see src/devcards_spec_demo/core.cljs  ----[0m
[0mCompiling "resources/public/js/compiled/devcards_spec_demo_devcards.js" from ["src"]...[0m
[32mSuccessfully compiled "resources/public/js/compiled/devcards_spec_demo_devcards.js" in 0.33 seconds.[0m
notifying browser that file changed:  out/devcards_spec_demo/core.js
[0mCompiling "resources/public/js/compiled/devcards_spec_demo_devcards.js" from ["src"]...[0m
[32mSuccessfully compiled "resources/public/js/compiled/devcards_spec_demo_devcards.js" in 0.353 seconds.[0m
notifying browser that file changed:  out/devcards_spec_demo/core.js
[0mCompiling "resources/public/js/compiled/devcards_spec_demo_devcards.js" from ["src"]...[0m
[32mSuccessfully compiled "resources/public/js/compiled/devcards_spec_demo_devcards.js" in 0.355 seconds.[0m
notifying browser that file changed:  out/devcards_spec_demo/core.js
[0mCompiling "resources/public/js/compiled/devcards_spec_demo_devcards.js" from ["src"]...[0m
[32mSuccessfully compiled "resources/public/js/compiled/devcards_spec_demo_devcards.js" in 0.345 seconds.[0m
notifying browser that file changed:  out/devcards_spec_demo/core.js
[0mCompiling "resources/public/js/compiled/devcards_spec_demo_devcards.js" from ["src"]...[0m
[32mSuccessfully compiled "resources/public/js/compiled/devcards_spec_demo_devcards.js" in 0.328 seconds.[0m
notifying browser that file changed:  out/devcards_spec_demo/core.js
[0mCompiling "resources/public/js/compiled/devcards_spec_demo_devcards.js" from ["src"]...[0m
[32mSuccessfully compiled "resources/public/js/compiled/devcards_spec_demo_devcards.js" in 0.33 seconds.[0m
notifying browser that file changed:  out/devcards_spec_demo/core.js
[0mCompiling "resources/public/js/compiled/devcards_spec_demo_devcards.js" from ["src"]...[0m
[32mSuccessfully compiled "resources/public/js/compiled/devcards_spec_demo_devcards.js" in 0.333 seconds.[0m
notifying browser that file changed:  out/devcards_spec_demo/core.js
[0mCompiling "resources/public/js/compiled/devcards_spec_demo_devcards.js" from ["src"]...[0m
[32mSuccessfully compiled "resources/public/js/compiled/devcards_spec_demo_devcards.js" in 0.326 seconds.[0m
notifying browser that file changed:  resources/public/js/compiled/devcards_out/cljs_deps.js
notifying browser that file changed:  out/devcards_spec_demo/core.js
[0mCompiling "resources/public/js/compiled/devcards_spec_demo_devcards.js" from ["src"]...[0m
[32mSuccessfully compiled "resources/public/js/compiled/devcards_spec_demo_devcards.js" in 0.358 seconds.[0m
notifying browser that file changed:  resources/public/js/compiled/devcards_out/cljs_deps.js
notifying browser that file changed:  out/devcards_spec_demo/core.js
[0mCompiling "resources/public/js/compiled/devcards_spec_demo_devcards.js" from ["src"]...[0m
[31mFailed to compile "resources/public/js/compiled/devcards_spec_demo_devcards.js" in 0.307 seconds.[0m
[36m----  Could not Read  src/devcards_spec_demo/core.cljs   line:30  column:36  ----[0m

  [1mUnmatched delimiter )[0m

  [36m28[0m  [36m     [:input {:type :checkbox[0m
  [36m29[0m  [36m              :checked checked[0m
  [33m30[0m  [1m              :disabled disabled}])[0m
  [0m  [0m  [33m                                   ^--- Unmatched delimiter )[0m
  [36m31[0m  [36m    state {:inspect-data true}))[0m
  [36m32[0m  [36m[0m
  [36m33[0m  [36m(doseq [state (get-states ::toggle-state)][0m

[36m----  Reader Error : Please see src/devcards_spec_demo/core.cljs  ----[0m
[0mCompiling "resources/public/js/compiled/devcards_spec_demo_devcards.js" from ["src"]...[0m
[0mCompiling "resources/public/js/compiled/devcards_spec_demo_devcards.js" from ["src"]...[0m
[31mFailed to compile "resources/public/js/compiled/devcards_spec_demo_devcards.js" in 0.361 seconds.[0m
[36m----  Could not Read  src/devcards_spec_demo/core.cljs   line:14  column:1  ----[0m

  [1mEOF while reading, starting at line 14 and column 1[0m

  [36m12[0m  [36m(s/def ::checked boolean?)[0m
  [36m13[0m  [36m(s/def ::disabled boolean?)[0m
  [33m14[0m  [1m(s/def ::label #(and (string? %) (not (zero? (count %))))[0m
  [0m  [0m  [33m^--- EOF while reading, starting at line 14 and column 1[0m
  [36m15[0m  [36m(s/def ::toggle-state (s/keys :req [::checked ::disabled ::label]))[0m

[36m----  Reader Error : Please see src/devcards_spec_demo/core.cljs  ----[0m
[0mCompiling "resources/public/js/compiled/devcards_spec_demo_devcards.js" from ["src"]...[0m
[31mFailed to compile "resources/public/js/compiled/devcards_spec_demo_devcards.js" in 0.321 seconds.[0m
[36m----  Could not Analyze  src/devcards_spec_demo/core.cljs   line:26  column:5  ----[0m

  [1mWrong number of args (2) passed to: core/html[0m

  [36m24[0m  [36m(defn toggle [{:keys [app.ui.toggle/checked app.ui.toggle/disabled app.ui.toggle/label] :as state}][0m
  [36m25[0m  [36m  (defcard example[0m
  [33m26[0m  [1m    (sab/html[0m
  [0m  [0m  [33m    ^--- Wrong number of args (2) passed to: core/html[0m
  [36m27[0m  [36m     [:label label][0m
  [36m28[0m  [36m     [:input {:type :checkbox[0m
  [36m29[0m  [36m              :checked checked[0m

[36m----  Analysis Error : Please see src/devcards_spec_demo/core.cljs  ----[0m
[0mCompiling "resources/public/js/compiled/devcards_spec_demo_devcards.js" from ["src"]...[0m
[32mSuccessfully compiled "resources/public/js/compiled/devcards_spec_demo_devcards.js" in 0.414 seconds.[0m
notifying browser that file changed:  resources/public/js/compiled/devcards_out/goog/deps.js
notifying browser that file changed:  resources/public/js/compiled/devcards_out/cljs_deps.js
notifying browser that file changed:  out/app/ui/toggle.js
[0mCompiling "resources/public/js/compiled/devcards_spec_demo_devcards.js" from ["src"]...[0m
[32mSuccessfully compiled "resources/public/js/compiled/devcards_spec_demo_devcards.js" in 0.444 seconds.[0m
notifying browser that file changed:  out/app/ui/toggle.js
[0mCompiling "resources/public/js/compiled/devcards_spec_demo_devcards.js" from ["src"]...[0m
[32mSuccessfully compiled "resources/public/js/compiled/devcards_spec_demo_devcards.js" in 0.467 seconds.[0m
notifying browser that file changed:  resources/public/js/compiled/devcards_out/goog/deps.js
notifying browser that file changed:  resources/public/js/compiled/devcards_out/cljs_deps.js
notifying browser that file changed:  out/app/ui/toggle.js
[0mCompiling "resources/public/js/compiled/devcards_spec_demo_devcards.js" from ["src"]...[0m
[32mSuccessfully compiled "resources/public/js/compiled/devcards_spec_demo_devcards.js" in 0.474 seconds.[0m
notifying browser that file changed:  resources/public/js/compiled/devcards_out/goog/deps.js
notifying browser that file changed:  resources/public/js/compiled/devcards_out/cljs_deps.js
notifying browser that file changed:  out/app/ui/toggle.js
[0mCompiling "resources/public/js/compiled/devcards_spec_demo_devcards.js" from ["src"]...[0m
[32mSuccessfully compiled "resources/public/js/compiled/devcards_spec_demo_devcards.js" in 0.357 seconds.[0m
notifying browser that file changed:  out/app/ui/toggle.js
[0mCompiling "resources/public/js/compiled/devcards_spec_demo_devcards.js" from ["src"]...[0m
[32mSuccessfully compiled "resources/public/js/compiled/devcards_spec_demo_devcards.js" in 0.38 seconds.[0m
notifying browser that file changed:  out/app/ui/toggle.js
[0mCompiling "resources/public/js/compiled/devcards_spec_demo_devcards.js" from ["src"]...[0m
[32mSuccessfully compiled "resources/public/js/compiled/devcards_spec_demo_devcards.js" in 0.383 seconds.[0m
notifying browser that file changed:  out/app/ui/toggle.js
[0mCompiling "resources/public/js/compiled/devcards_spec_demo_devcards.js" from ["src"]...[0m
[32mSuccessfully compiled "resources/public/js/compiled/devcards_spec_demo_devcards.js" in 0.363 seconds.[0m
notifying browser that file changed:  resources/public/js/compiled/devcards_out/cljs_deps.js
notifying browser that file changed:  out/app/ui/toggle.js
[0mCompiling "resources/public/js/compiled/devcards_spec_demo_devcards.js" from ["src"]...[0m
[36m----  Compiler Warning on   src/devcards_spec_demo/core.cljs   line:22  column:8  ----[0m

  [1mWrong number of args (2) passed to cljs.core/distinct[0m

  [36m18[0m  [36m(defn get-states [spec][0m
  [36m19[0m  [36m  (->> spec sp[0m
  [36m20[0m  [36m       (s/exercise sp 5)[0m
  [36m21[0m  [36m       (map first sp)[0m
  [33m22[0m  [1m       (distinct sp)))[0m
  [0m  [0m  [33m       ^--- Wrong number of args (2) passed to cljs.core/distinct[0m
  [36m23[0m  [36m[0m
  [36m24[0m  [36m(defn toggle [{:keys [app.ui.toggle/checked app.ui.toggle/disabled app.ui.toggle/label] :as state}][0m
  [36m25[0m  [36m  (defcard example[0m
  [36m26[0m  [36m    (sab/html[0m
  [36m27[0m  [36m     [:div[0m

[36m----  Compiler Warning : Please see src/devcards_spec_demo/core.cljs  ----[0m
[36m----  Compiler Warning on   src/devcards_spec_demo/core.cljs   line:22  column:18  ----[0m

  [1mUse of undeclared Var app.ui.toggle/sp[0m

  [36m18[0m  [36m(defn get-states [spec][0m
  [36m19[0m  [36m  (->> spec sp[0m
  [36m20[0m  [36m       (s/exercise sp 5)[0m
  [36m21[0m  [36m       (map first sp)[0m
  [33m22[0m  [1m       (distinct sp)))[0m
  [0m  [0m  [33m                 ^--- Use of undeclared Var app.ui.toggle/sp[0m
  [36m23[0m  [36m[0m
  [36m24[0m  [36m(defn toggle [{:keys [app.ui.toggle/checked app.ui.toggle/disabled app.ui.toggle/label] :as state}][0m
  [36m25[0m  [36m  (defcard example[0m
  [36m26[0m  [36m    (sab/html[0m
  [36m27[0m  [36m     [:div[0m

[36m----  Compiler Warning : Please see src/devcards_spec_demo/core.cljs  ----[0m
[36m----  Compiler Warning on   src/devcards_spec_demo/core.cljs   line:21  column:19  ----[0m

  [1mUse of undeclared Var app.ui.toggle/sp[0m

  [36m18[0m  [36m(defn get-states [spec][0m
  [36m19[0m  [36m  (->> spec sp[0m
  [36m20[0m  [36m       (s/exercise sp 5)[0m
  [33m21[0m  [1m       (map first sp)[0m
  [0m  [0m  [33m                  ^--- Use of undeclared Var app.ui.toggle/sp[0m
  [36m22[0m  [36m       (distinct sp)))[0m
  [36m23[0m  [36m[0m
  [36m24[0m  [36m(defn toggle [{:keys [app.ui.toggle/checked app.ui.toggle/disabled app.ui.toggle/label] :as state}][0m
  [36m25[0m  [36m  (defcard example[0m
  [36m26[0m  [36m    (sab/html[0m

[36m----  Compiler Warning : Please see src/devcards_spec_demo/core.cljs  ----[0m
[36m----  Compiler Warning on   src/devcards_spec_demo/core.cljs   line:20  column:20  ----[0m

  [1mUse of undeclared Var app.ui.toggle/sp[0m

  [36m18[0m  [36m(defn get-states [spec][0m
  [36m19[0m  [36m  (->> spec sp[0m
  [33m20[0m  [1m       (s/exercise sp 5)[0m
  [0m  [0m  [33m                   ^--- Use of undeclared Var app.ui.toggle/sp[0m
  [36m21[0m  [36m       (map first sp)[0m
  [36m22[0m  [36m       (distinct sp)))[0m
  [36m23[0m  [36m[0m
  [36m24[0m  [36m(defn toggle [{:keys [app.ui.toggle/checked app.ui.toggle/disabled app.ui.toggle/label] :as state}][0m
  [36m25[0m  [36m  (defcard example[0m

[36m----  Compiler Warning : Please see src/devcards_spec_demo/core.cljs  ----[0m
[36m----  Compiler Warning on   src/devcards_spec_demo/core.cljs   line:19  column:13  ----[0m

  [1mUse of undeclared Var app.ui.toggle/sp[0m

  [36m15[0m  [36m(s/def ::toggle-state (s/keys :req [::checked ::disabled ::label]))[0m
  [36m16[0m  [36m[0m
  [36m17[0m  [36m[0m
  [36m18[0m  [36m(defn get-states [spec][0m
  [33m19[0m  [1m  (->> spec sp[0m
  [0m  [0m  [33m            ^--- Use of undeclared Var app.ui.toggle/sp[0m
  [36m20[0m  [36m       (s/exercise sp 5)[0m
  [36m21[0m  [36m       (map first sp)[0m
  [36m22[0m  [36m       (distinct sp)))[0m
  [36m23[0m  [36m[0m
  [36m24[0m  [36m(defn toggle [{:keys [app.ui.toggle/checked app.ui.toggle/disabled app.ui.toggle/label] :as state}][0m

[36m----  Compiler Warning : Please see src/devcards_spec_demo/core.cljs  ----[0m
[32mSuccessfully compiled "resources/public/js/compiled/devcards_spec_demo_devcards.js" in 0.499 seconds.[0m
notifying browser that file changed:  resources/public/js/compiled/devcards_out/cljs_deps.js
notifying browser that file changed:  out/app/ui/toggle.js
[0mCompiling "resources/public/js/compiled/devcards_spec_demo_devcards.js" from ["src"]...[0m
[32mSuccessfully compiled "resources/public/js/compiled/devcards_spec_demo_devcards.js" in 0.374 seconds.[0m
notifying browser that file changed:  resources/public/js/compiled/devcards_out/cljs_deps.js
notifying browser that file changed:  out/app/ui/toggle.js
[0mCompiling "resources/public/js/compiled/devcards_spec_demo_devcards.js" from ["src"]...[0m
[32mSuccessfully compiled "resources/public/js/compiled/devcards_spec_demo_devcards.js" in 0.387 seconds.[0m
notifying browser that file changed:  resources/public/js/compiled/devcards_out/cljs_deps.js
notifying browser that file changed:  out/app/ui/toggle.js
[0mCompiling "resources/public/js/compiled/devcards_spec_demo_devcards.js" from ["src"]...[0m
[32mSuccessfully compiled "resources/public/js/compiled/devcards_spec_demo_devcards.js" in 0.365 seconds.[0m
notifying browser that file changed:  out/app/ui/toggle.js
[0mCompiling "resources/public/js/compiled/devcards_spec_demo_devcards.js" from ["src"]...[0m
[32mSuccessfully compiled "resources/public/js/compiled/devcards_spec_demo_devcards.js" in 0.353 seconds.[0m
notifying browser that file changed:  out/app/ui/toggle.js
[0mCompiling "resources/public/js/compiled/devcards_spec_demo_devcards.js" from ["src"]...[0m
[32mSuccessfully compiled "resources/public/js/compiled/devcards_spec_demo_devcards.js" in 0.403 seconds.[0m
notifying browser that file changed:  out/app/ui/toggle.js
[0mCompiling "resources/public/js/compiled/devcards_spec_demo_devcards.js" from ["src"]...[0m
[32mSuccessfully compiled "resources/public/js/compiled/devcards_spec_demo_devcards.js" in 0.348 seconds.[0m
notifying browser that file changed:  out/app/ui/toggle.js
[0mCompiling "resources/public/js/compiled/devcards_spec_demo_devcards.js" from ["src"]...[0m
[32mSuccessfully compiled "resources/public/js/compiled/devcards_spec_demo_devcards.js" in 0.351 seconds.[0m
notifying browser that file changed:  out/app/ui/toggle.js
[0mCompiling "resources/public/js/compiled/devcards_spec_demo_devcards.js" from ["src"]...[0m
[32mSuccessfully compiled "resources/public/js/compiled/devcards_spec_demo_devcards.js" in 0.367 seconds.[0m
notifying browser that file changed:  out/app/ui/toggle.js
[0mCompiling "resources/public/js/compiled/devcards_spec_demo_devcards.js" from ["src"]...[0m
[32mSuccessfully compiled "resources/public/js/compiled/devcards_spec_demo_devcards.js" in 0.389 seconds.[0m
notifying browser that file changed:  out/app/ui/toggle.js
[0mCompiling "resources/public/js/compiled/devcards_spec_demo_devcards.js" from ["src"]...[0m
[32mSuccessfully compiled "resources/public/js/compiled/devcards_spec_demo_devcards.js" in 0.351 seconds.[0m
notifying browser that file changed:  out/app/ui/toggle.js
[0mCompiling "resources/public/js/compiled/devcards_spec_demo_devcards.js" from ["src"]...[0m
[32mSuccessfully compiled "resources/public/js/compiled/devcards_spec_demo_devcards.js" in 0.357 seconds.[0m
notifying browser that file changed:  out/app/ui/toggle.js
[0mCompiling "resources/public/js/compiled/devcards_spec_demo_devcards.js" from ["src"]...[0m
[32mSuccessfully compiled "resources/public/js/compiled/devcards_spec_demo_devcards.js" in 0.346 seconds.[0m
notifying browser that file changed:  out/app/ui/toggle.js
[0mCompiling "resources/public/js/compiled/devcards_spec_demo_devcards.js" from ["src"]...[0m
[32mSuccessfully compiled "resources/public/js/compiled/devcards_spec_demo_devcards.js" in 0.362 seconds.[0m
notifying browser that file changed:  out/app/ui/toggle.js
[0mCompiling "resources/public/js/compiled/devcards_spec_demo_devcards.js" from ["src"]...[0m
[32mSuccessfully compiled "resources/public/js/compiled/devcards_spec_demo_devcards.js" in 0.373 seconds.[0m
notifying browser that file changed:  resources/public/js/compiled/devcards_out/cljs_deps.js
notifying browser that file changed:  out/app/ui/toggle.js
[0mCompiling "resources/public/js/compiled/devcards_spec_demo_devcards.js" from ["src"]...[0m
[36m----  Compiler Warning on   src/devcards_spec_demo/core.cljs   line:25  column:1  ----[0m

  [1mNamespace app.ui.toggle clashes with var app.ui/toggle[0m

  [36m21[0m  [36m        (map first sp)[0m
  [36m22[0m  [36m        (sort-by ::label sp)[0m
  [36m23[0m  [36m        (distinct sp)))[0m
  [36m24[0m  [36m[0m
  [33m25[0m  [1m(defn toggle [{:keys [app.ui.toggle/checked app.ui.toggle/disabled app.ui.toggle/label] :as state}][0m
  [0m  [0m  [33m^--- Namespace app.ui.toggle clashes with var app.ui/toggle[0m
  [36m26[0m  [36m  (defcard example[0m
  [36m27[0m  [36m    (sab/html[0m
  [36m28[0m  [36m     [:div[0m
  [36m29[0m  [36m      [:label label][0m
  [36m30[0m  [36m      [:input {:type :checkbox[0m

[36m----  Compiler Warning : Please see src/devcards_spec_demo/core.cljs  ----[0m
[31mFailed to compile "resources/public/js/compiled/devcards_spec_demo_devcards.js" in 0.351 seconds.[0m
[36m----  Could not Read  src/devcards_spec_demo/core.cljs   line:38  column:1  ----[0m

  [1mEOF while reading, starting at line 38 and column 1[0m

  [33m38[0m  [1m([0m
  [0m  [0m  [33m^--- EOF while reading, starting at line 38 and column 1[0m
  [36m39[0m  [36m[0m
  [36m40[0m  [36m(defcard nyan[0m
  [36m41[0m  [36m  (sab/html[0m

[36m----  Reader Error : Please see src/devcards_spec_demo/core.cljs  ----[0m
[0mCompiling "resources/public/js/compiled/devcards_spec_demo_devcards.js" from ["src"]...[0m
[32mSuccessfully compiled "resources/public/js/compiled/devcards_spec_demo_devcards.js" in 0.416 seconds.[0m
notifying browser that file changed:  resources/public/js/compiled/devcards_out/goog/deps.js
notifying browser that file changed:  resources/public/js/compiled/devcards_out/cljs_deps.js
notifying browser that file changed:  out/app/ui.js
[0mCompiling "resources/public/js/compiled/devcards_spec_demo_devcards.js" from ["src"]...[0m
[31mFailed to compile "resources/public/js/compiled/devcards_spec_demo_devcards.js" in 0.317 seconds.[0m
[36m----  Could not Analyze  src/devcards_spec_demo/core.cljs   line:38  column:16  ----[0m

  [1mNo value supplied for key: [:app.ui/size][0m

  [36m37[0m  [36m(s/def ::size #{:small :medium :large})[0m
  [33m38[0m  [1m(s/def ::image (s/keys [::size]))[0m
  [0m  [0m  [33m               ^--- No value supplied for key: [:app.ui/size][0m
  [36m39[0m  [36m[0m
  [36m40[0m  [36m(defn photo [{:keys [size]} :as state][0m

[36m----  Analysis Error : Please see src/devcards_spec_demo/core.cljs  ----[0m
[0mCompiling "resources/public/js/compiled/devcards_spec_demo_devcards.js" from ["src"]...[0m
[31mFailed to compile "resources/public/js/compiled/devcards_spec_demo_devcards.js" in 0.331 seconds.[0m
[36m----  Could not Analyze  src/devcards_spec_demo/core.cljs   line:38  column:16  ----[0m

  [1mNo value supplied for key: [:app.ui/size][0m

  [36m37[0m  [36m(s/def ::size #{:small :medium :large})[0m
  [33m38[0m  [1m(s/def ::image (s/keys [::size]))[0m
  [0m  [0m  [33m               ^--- No value supplied for key: [:app.ui/size][0m
  [36m39[0m  [36m[0m
  [36m40[0m  [36m(defn photo [{:keys [app.ui/size]} :as state][0m
  [36m41[0m  [36m  (defcard photo[0m

[36m----  Analysis Error : Please see src/devcards_spec_demo/core.cljs  ----[0m
[0mCompiling "resources/public/js/compiled/devcards_spec_demo_devcards.js" from ["src"]...[0m
[31mFailed to compile "resources/public/js/compiled/devcards_spec_demo_devcards.js" in 0.311 seconds.[0m
[36m----  Could not Analyze  src/devcards_spec_demo/core.cljs   line:38  column:16  ----[0m

  [1mNo value supplied for key: [:app.ui/size][0m

  [36m37[0m  [36m(s/def ::size #{:small :medium :large})[0m
  [33m38[0m  [1m(s/def ::image (s/keys [::size]))[0m
  [0m  [0m  [33m               ^--- No value supplied for key: [:app.ui/size][0m
  [36m39[0m  [36m[0m
  [36m40[0m  [36m(defn photo [{:keys [app.ui/size]} :as state][0m
  [36m41[0m  [36m  (defcard test[0m

[36m----  Analysis Error : Please see src/devcards_spec_demo/core.cljs  ----[0m
[0mCompiling "resources/public/js/compiled/devcards_spec_demo_devcards.js" from ["src"]...[0m
[31mFailed to compile "resources/public/js/compiled/devcards_spec_demo_devcards.js" in 0.294 seconds.[0m
[36m----  Could not Analyze  src/devcards_spec_demo/core.cljs   line:38  column:16  ----[0m

  [1mNo value supplied for key: [:app.ui/size][0m

  [36m37[0m  [36m(s/def ::size #{:small :medium :large})[0m
  [33m38[0m  [1m(s/def ::image (s/keys [::size]))[0m
  [0m  [0m  [33m               ^--- No value supplied for key: [:app.ui/size][0m
  [36m39[0m  [36m[0m
  [36m40[0m  [36m(defn photo [{:keys [app.ui/size]} :as state][0m
  [36m41[0m  [36m  (defcard profile[0m

[36m----  Analysis Error : Please see src/devcards_spec_demo/core.cljs  ----[0m
[0mCompiling "resources/public/js/compiled/devcards_spec_demo_devcards.js" from ["src"]...[0m
[31mFailed to compile "resources/public/js/compiled/devcards_spec_demo_devcards.js" in 0.342 seconds.[0m
[36m----  Could not Analyze  src/devcards_spec_demo/core.cljs   line:38  column:16  ----[0m

  [1mNo value supplied for key: [:app.ui/size][0m

  [36m37[0m  [36m(s/def ::size #{:small :medium :large})[0m
  [33m38[0m  [1m(s/def ::image (s/keys [::size]))[0m
  [0m  [0m  [33m               ^--- No value supplied for key: [:app.ui/size][0m
  [36m39[0m  [36m[0m
  [36m40[0m  [36m(defn photo [{:keys [app.ui/size]} :as state][0m
  [36m41[0m  [36m  (defcard profile[0m

[36m----  Analysis Error : Please see src/devcards_spec_demo/core.cljs  ----[0m
[0mCompiling "resources/public/js/compiled/devcards_spec_demo_devcards.js" from ["src"]...[0m
[31mFailed to compile "resources/public/js/compiled/devcards_spec_demo_devcards.js" in 0.319 seconds.[0m
[36m----  Could not Analyze  src/devcards_spec_demo/core.cljs   line:40  column:1  ----[0m

  [1mUnsupported binding key: :as[0m

  [36m38[0m  [36m(s/def ::image (s/keys :req [::size]))[0m
  [36m39[0m  [36m[0m
  [33m40[0m  [1m(defn photo [{:keys [app.ui/size]} :as state][0m
  [0m  [0m  [33m^--- Unsupported binding key: :as[0m
  [36m41[0m  [36m  (defcard profile[0m
  [36m42[0m  [36m    (sab/html[0m
  [36m43[0m  [36m     [:img {:src "http://az616578.vo.msecnd.net/files/2016/02/22/635917076783020956-1943515409_dwight.jpeg"[0m

[36m----  Analysis Error : Please see src/devcards_spec_demo/core.cljs  ----[0m
[0mCompiling "resources/public/js/compiled/devcards_spec_demo_devcards.js" from ["src"]...[0m
[36m----  Compiler Warning on   src/devcards_spec_demo/core.cljs   line:26  column:3  ----[0m

  [1mUse of undeclared Var devcards.core/register-card[0m

  [36m22[0m  [36m        (sort-by ::label sp)[0m
  [36m23[0m  [36m        (distinct sp)))[0m
  [36m24[0m  [36m[0m
  [36m25[0m  [36m(defn toggle [{:keys [app.ui/checked app.ui/disabled app.ui/label] :as state}][0m
  [33m26[0m  [1m  (defcard example[0m
  [0m  [0m  [33m  ^--- Use of undeclared Var devcards.core/register-card[0m
  [36m27[0m  [36m    (sab/html[0m
  [36m28[0m  [36m     [:div[0m
  [36m29[0m  [36m      [:label label][0m
  [36m30[0m  [36m      [:input {:type :checkbox[0m
  [36m31[0m  [36m               :checked checked[0m

[36m----  Compiler Warning : Please see src/devcards_spec_demo/core.cljs  ----[0m
[36m----  Compiler Warning on   src/devcards_spec_demo/core.cljs   line:26  column:3  ----[0m

  [1mUse of undeclared Var devcards.core/card-base[0m

  [36m22[0m  [36m        (sort-by ::label sp)[0m
  [36m23[0m  [36m        (distinct sp)))[0m
  [36m24[0m  [36m[0m
  [36m25[0m  [36m(defn toggle [{:keys [app.ui/checked app.ui/disabled app.ui/label] :as state}][0m
  [33m26[0m  [1m  (defcard example[0m
  [0m  [0m  [33m  ^--- Use of undeclared Var devcards.core/card-base[0m
  [36m27[0m  [36m    (sab/html[0m
  [36m28[0m  [36m     [:div[0m
  [36m29[0m  [36m      [:label label][0m
  [36m30[0m  [36m      [:input {:type :checkbox[0m
  [36m31[0m  [36m               :checked checked[0m

[36m----  Compiler Warning : Please see src/devcards_spec_demo/core.cljs  ----[0m
[31mFailed to compile "resources/public/js/compiled/devcards_spec_demo_devcards.js" in 0.408 seconds.[0m
[36m----  Could not Analyze  src/devcards_spec_demo/core.cljs   line:40  column:1  ----[0m

  [1mUnsupported binding key: :as[0m

  [36m38[0m  [36m(s/def ::image (s/keys :req [::size]))[0m
  [36m39[0m  [36m[0m
  [33m40[0m  [1m(defn photo [{:keys [app.ui/size]} :as state][0m
  [0m  [0m  [33m^--- Unsupported binding key: :as[0m
  [36m41[0m  [36m  (defcard profile[0m
  [36m42[0m  [36m    (sab/html[0m
  [36m43[0m  [36m     [:img {:src "http://az616578.vo.msecnd.net/files/2016/02/22/635917076783020956-1943515409_dwight.jpeg"[0m

[36m----  Analysis Error : Please see src/devcards_spec_demo/core.cljs  ----[0m
[0mCompiling "resources/public/js/compiled/devcards_spec_demo_devcards.js" from ["src"]...[0m
[36m----  Compiler Warning on   src/devcards_spec_demo/core.cljs   line:26  column:3  ----[0m

  [1mUse of undeclared Var devcards.core/register-card[0m

  [36m22[0m  [36m        (sort-by ::label sp)[0m
  [36m23[0m  [36m        (distinct sp)))[0m
  [36m24[0m  [36m[0m
  [36m25[0m  [36m(defn toggle [{:keys [app.ui/checked app.ui/disabled app.ui/label] :as state}][0m
  [33m26[0m  [1m  (defcard example[0m
  [0m  [0m  [33m  ^--- Use of undeclared Var devcards.core/register-card[0m
  [36m27[0m  [36m    (sab/html[0m
  [36m28[0m  [36m     [:div[0m
  [36m29[0m  [36m      [:label label][0m
  [36m30[0m  [36m      [:input {:type :checkbox[0m
  [36m31[0m  [36m               :checked checked[0m

[36m----  Compiler Warning : Please see src/devcards_spec_demo/core.cljs  ----[0m
[36m----  Compiler Warning on   src/devcards_spec_demo/core.cljs   line:26  column:3  ----[0m

  [1mUse of undeclared Var devcards.core/card-base[0m

  [36m22[0m  [36m        (sort-by ::label sp)[0m
  [36m23[0m  [36m        (distinct sp)))[0m
  [36m24[0m  [36m[0m
  [36m25[0m  [36m(defn toggle [{:keys [app.ui/checked app.ui/disabled app.ui/label] :as state}][0m
  [33m26[0m  [1m  (defcard example[0m
  [0m  [0m  [33m  ^--- Use of undeclared Var devcards.core/card-base[0m
  [36m27[0m  [36m    (sab/html[0m
  [36m28[0m  [36m     [:div[0m
  [36m29[0m  [36m      [:label label][0m
  [36m30[0m  [36m      [:input {:type :checkbox[0m
  [36m31[0m  [36m               :checked checked[0m

[36m----  Compiler Warning : Please see src/devcards_spec_demo/core.cljs  ----[0m
[36m----  Compiler Warning on   src/devcards_spec_demo/core.cljs   line:41  column:3  ----[0m

  [1mUse of undeclared Var devcards.core/register-card[0m

  [36m37[0m  [36m(s/def ::size #{:small :medium :large})[0m
  [36m38[0m  [36m(s/def ::image (s/keys :req [::size]))[0m
  [36m39[0m  [36m[0m
  [36m40[0m  [36m(defn photo [{:keys [app.ui/size] :as state}][0m
  [33m41[0m  [1m  (defcard profile[0m
  [0m  [0m  [33m  ^--- Use of undeclared Var devcards.core/register-card[0m
  [36m42[0m  [36m    (sab/html[0m
  [36m43[0m  [36m     [:img {:src "http://az616578.vo.msecnd.net/files/2016/02/22/635917076783020956-1943515409_dwight.jpeg"[0m
  [36m44[0m  [36m            :style {:filter "grayscale(100%)"[0m
  [36m45[0m  [36m                    :width 100[0m
  [36m46[0m  [36m                    :height 100[0m

[36m----  Compiler Warning : Please see src/devcards_spec_demo/core.cljs  ----[0m
[36m----  Compiler Warning on   src/devcards_spec_demo/core.cljs   line:41  column:3  ----[0m

  [1mUse of undeclared Var devcards.core/card-base[0m

  [36m37[0m  [36m(s/def ::size #{:small :medium :large})[0m
  [36m38[0m  [36m(s/def ::image (s/keys :req [::size]))[0m
  [36m39[0m  [36m[0m
  [36m40[0m  [36m(defn photo [{:keys [app.ui/size] :as state}][0m
  [33m41[0m  [1m  (defcard profile[0m
  [0m  [0m  [33m  ^--- Use of undeclared Var devcards.core/card-base[0m
  [36m42[0m  [36m    (sab/html[0m
  [36m43[0m  [36m     [:img {:src "http://az616578.vo.msecnd.net/files/2016/02/22/635917076783020956-1943515409_dwight.jpeg"[0m
  [36m44[0m  [36m            :style {:filter "grayscale(100%)"[0m
  [36m45[0m  [36m                    :width 100[0m
  [36m46[0m  [36m                    :height 100[0m

[36m----  Compiler Warning : Please see src/devcards_spec_demo/core.cljs  ----[0m
[32mSuccessfully compiled "resources/public/js/compiled/devcards_spec_demo_devcards.js" in 2.971 seconds.[0m
notifying browser that file changed:  resources/public/js/compiled/devcards_out/goog/deps.js
notifying browser that file changed:  resources/public/js/compiled/devcards_out/cljs_deps.js
notifying browser that file changed:  out/app/ui.js
[0mCompiling "resources/public/js/compiled/devcards_spec_demo_devcards.js" from ["src"]...[0m
[32mSuccessfully compiled "resources/public/js/compiled/devcards_spec_demo_devcards.js" in 0.406 seconds.[0m
notifying browser that file changed:  out/app/ui.js
[0mCompiling "resources/public/js/compiled/devcards_spec_demo_devcards.js" from ["src"]...[0m
[32mSuccessfully compiled "resources/public/js/compiled/devcards_spec_demo_devcards.js" in 0.357 seconds.[0m
notifying browser that file changed:  out/app/ui.js
[0mCompiling "resources/public/js/compiled/devcards_spec_demo_devcards.js" from ["src"]...[0m
[32mSuccessfully compiled "resources/public/js/compiled/devcards_spec_demo_devcards.js" in 0.409 seconds.[0m
notifying browser that file changed:  out/app/ui.js
[0mCompiling "resources/public/js/compiled/devcards_spec_demo_devcards.js" from ["src"]...[0m
[32mSuccessfully compiled "resources/public/js/compiled/devcards_spec_demo_devcards.js" in 0.362 seconds.[0m
notifying browser that file changed:  out/app/ui.js
[0mCompiling "resources/public/js/compiled/devcards_spec_demo_devcards.js" from ["src"]...[0m
[32mSuccessfully compiled "resources/public/js/compiled/devcards_spec_demo_devcards.js" in 0.37 seconds.[0m
notifying browser that file changed:  out/app/ui.js
[0mCompiling "resources/public/js/compiled/devcards_spec_demo_devcards.js" from ["src"]...[0m
[31mFailed to compile "resources/public/js/compiled/devcards_spec_demo_devcards.js" in 0.324 seconds.[0m
[36m----  Could not Analyze  src/devcards_spec_demo/core.cljs   line:38  column:16  ----[0m

  [1mAssert failed: all keys must be namespace-qualified keywords
(every? (fn* [p1__28590#] (clojure.core/and (keyword? p1__28590#) (namespace p1__28590#))) (concat req-keys req-un-specs opt opt-un))[0m

  [36m36[0m  [36m(s/def ::size #{:small :medium :large})[0m
  [36m37[0m  [36m(s/def ::active boolean?)[0m
  [33m38[0m  [1m(s/def ::image (s/keys :req [::size :active]))[0m
  [0m  [0m  [33m               ^--- Assert failed: all keys must be namespace-qualified keywords
(every? (fn* [p1__28590#] (clojure.core/and (keyword? p1__28590#) (namespace p1__28590#))) (concat req-keys req-un-specs opt opt-un))[0m
  [36m39[0m  [36m[0m
  [36m40[0m  [36m[0m
  [36m41[0m  [36m(def image-size[0m

[36m----  Analysis Error : Please see src/devcards_spec_demo/core.cljs  ----[0m
[0mCompiling "resources/public/js/compiled/devcards_spec_demo_devcards.js" from ["src"]...[0m
[32mSuccessfully compiled "resources/public/js/compiled/devcards_spec_demo_devcards.js" in 0.358 seconds.[0m
notifying browser that file changed:  resources/public/js/compiled/devcards_out/cljs_deps.js
notifying browser that file changed:  out/app/ui.js
[0mCompiling "resources/public/js/compiled/devcards_spec_demo_devcards.js" from ["src"]...[0m
[32mSuccessfully compiled "resources/public/js/compiled/devcards_spec_demo_devcards.js" in 0.373 seconds.[0m
notifying browser that file changed:  resources/public/js/compiled/devcards_out/cljs_deps.js
notifying browser that file changed:  out/app/ui.js
[0mCompiling "resources/public/js/compiled/devcards_spec_demo_devcards.js" from ["src"]...[0m
[32mSuccessfully compiled "resources/public/js/compiled/devcards_spec_demo_devcards.js" in 0.435 seconds.[0m
notifying browser that file changed:  out/app/ui.js
[0mCompiling "resources/public/js/compiled/devcards_spec_demo_devcards.js" from ["src"]...[0m
[32mSuccessfully compiled "resources/public/js/compiled/devcards_spec_demo_devcards.js" in 0.38 seconds.[0m
notifying browser that file changed:  out/app/ui.js
[0mCompiling "resources/public/js/compiled/devcards_spec_demo_devcards.js" from ["src"]...[0m
[32mSuccessfully compiled "resources/public/js/compiled/devcards_spec_demo_devcards.js" in 0.368 seconds.[0m
notifying browser that file changed:  out/app/ui.js
[0mCompiling "resources/public/js/compiled/devcards_spec_demo_devcards.js" from ["src"]...[0m
[32mSuccessfully compiled "resources/public/js/compiled/devcards_spec_demo_devcards.js" in 0.34 seconds.[0m
notifying browser that file changed:  resources/public/js/compiled/devcards_out/goog/deps.js
notifying browser that file changed:  resources/public/js/compiled/devcards_out/cljs_deps.js
notifying browser that file changed:  out/app/ui.js
[0mCompiling "resources/public/js/compiled/devcards_spec_demo_devcards.js" from ["src"]...[0m
[32mSuccessfully compiled "resources/public/js/compiled/devcards_spec_demo_devcards.js" in 0.314 seconds.[0m
notifying browser that file changed:  out/app/ui.js
[0mCompiling "resources/public/js/compiled/devcards_spec_demo_devcards.js" from ["src"]...[0m
[32mSuccessfully compiled "resources/public/js/compiled/devcards_spec_demo_devcards.js" in 0.339 seconds.[0m
notifying browser that file changed:  out/app/ui.js
[0mCompiling "resources/public/js/compiled/devcards_spec_demo_devcards.js" from ["src"]...[0m
[32mSuccessfully compiled "resources/public/js/compiled/devcards_spec_demo_devcards.js" in 0.308 seconds.[0m
notifying browser that file changed:  out/app/ui.js
[0mCompiling "resources/public/js/compiled/devcards_spec_demo_devcards.js" from ["src"]...[0m
[32mSuccessfully compiled "resources/public/js/compiled/devcards_spec_demo_devcards.js" in 0.308 seconds.[0m
notifying browser that file changed:  out/app/ui.js
[0mCompiling "resources/public/js/compiled/devcards_spec_demo_devcards.js" from ["src"]...[0m
[32mSuccessfully compiled "resources/public/js/compiled/devcards_spec_demo_devcards.js" in 0.368 seconds.[0m
notifying browser that file changed:  out/app/ui.js
[0mCompiling "resources/public/js/compiled/devcards_spec_demo_devcards.js" from ["src"]...[0m
[36m----  Compiler Warning on   src/devcards_spec_demo/core.cljs   line:47  column:11  ----[0m

  [1mUse of undeclared Var cljs.spec/valid[0m

  [36m43[0m  [36m(s/def ::something (s/or :id int?[0m
  [36m44[0m  [36m                         :name string?))[0m
  [36m45[0m  [36m[0m
  [36m46[0m  [36m[0m
  [33m47[0m  [1m(println (s/valid ::something 1))[0m
  [0m  [0m  [33m          ^--- Use of undeclared Var cljs.spec/valid[0m
  [36m48[0m  [36m[0m
  [36m49[0m  [36m[0m
  [36m50[0m  [36m[0m
  [36m51[0m  [36m(def image-size[0m
  [36m52[0m  [36m  {:small 50[0m

[36m----  Compiler Warning : Please see src/devcards_spec_demo/core.cljs  ----[0m
[32mSuccessfully compiled "resources/public/js/compiled/devcards_spec_demo_devcards.js" in 0.328 seconds.[0m
notifying browser that file changed:  out/app/ui.js
[0mCompiling "resources/public/js/compiled/devcards_spec_demo_devcards.js" from ["src"]...[0m
[32mSuccessfully compiled "resources/public/js/compiled/devcards_spec_demo_devcards.js" in 0.316 seconds.[0m
notifying browser that file changed:  out/app/ui.js
[0mCompiling "resources/public/js/compiled/devcards_spec_demo_devcards.js" from ["src"]...[0m
[32mSuccessfully compiled "resources/public/js/compiled/devcards_spec_demo_devcards.js" in 0.32 seconds.[0m
notifying browser that file changed:  out/app/ui.js
[0mCompiling "resources/public/js/compiled/devcards_spec_demo_devcards.js" from ["src"]...[0m
[32mSuccessfully compiled "resources/public/js/compiled/devcards_spec_demo_devcards.js" in 0.298 seconds.[0m
notifying browser that file changed:  out/app/ui.js
[0mCompiling "resources/public/js/compiled/devcards_spec_demo_devcards.js" from ["src"]...[0m
[32mSuccessfully compiled "resources/public/js/compiled/devcards_spec_demo_devcards.js" in 0.331 seconds.[0m
notifying browser that file changed:  out/app/ui.js
[0mCompiling "resources/public/js/compiled/devcards_spec_demo_devcards.js" from ["src"]...[0m
[32mSuccessfully compiled "resources/public/js/compiled/devcards_spec_demo_devcards.js" in 0.299 seconds.[0m
notifying browser that file changed:  out/app/ui.js
[0mCompiling "resources/public/js/compiled/devcards_spec_demo_devcards.js" from ["src"]...[0m
[32mSuccessfully compiled "resources/public/js/compiled/devcards_spec_demo_devcards.js" in 0.322 seconds.[0m
notifying browser that file changed:  out/app/ui.js
[0mCompiling "resources/public/js/compiled/devcards_spec_demo_devcards.js" from ["src"]...[0m
[32mSuccessfully compiled "resources/public/js/compiled/devcards_spec_demo_devcards.js" in 0.331 seconds.[0m
notifying browser that file changed:  out/app/ui.js
[0mCompiling "resources/public/js/compiled/devcards_spec_demo_devcards.js" from ["src"]...[0m
[32mSuccessfully compiled "resources/public/js/compiled/devcards_spec_demo_devcards.js" in 0.326 seconds.[0m
notifying browser that file changed:  out/app/ui.js
[0mCompiling "resources/public/js/compiled/devcards_spec_demo_devcards.js" from ["src"]...[0m
[32mSuccessfully compiled "resources/public/js/compiled/devcards_spec_demo_devcards.js" in 0.363 seconds.[0m
notifying browser that file changed:  out/app/ui.js
[0mCompiling "resources/public/js/compiled/devcards_spec_demo_devcards.js" from ["src"]...[0m
[32mSuccessfully compiled "resources/public/js/compiled/devcards_spec_demo_devcards.js" in 0.301 seconds.[0m
notifying browser that file changed:  out/app/ui.js
